# Logfile created on 2024-01-04 21:27:36 -0500 by logger.rb/v1.4.2
I, [2024-01-04T21:27:36.048569 #66330]  INFO -- : (0.000035s) BEGIN
I, [2024-01-04T21:27:36.103780 #66330]  INFO -- : (0.000603s) INSERT INTO `expenses` (`payee`, `amount`, `date`) VALUES ('Starbucks', 5.75, '2017-06-10')
I, [2024-01-04T21:27:36.104164 #66330]  INFO -- : (0.000105s) SELECT max(`id`) AS 'max' FROM `expenses` LIMIT 1
I, [2024-01-04T21:27:36.125197 #66330]  INFO -- : (0.000067s) INSERT INTO `expenses` (`payee`, `amount`, `date`) VALUES ('Zoo', 15.25, '2017-06-10')
I, [2024-01-04T21:27:36.125445 #66330]  INFO -- : (0.000071s) SELECT max(`id`) AS 'max' FROM `expenses` LIMIT 1
I, [2024-01-04T21:27:36.126056 #66330]  INFO -- : (0.000036s) INSERT INTO `expenses` (`payee`, `amount`, `date`) VALUES ('Whole Foods', 95.2, '2017-06-11')
I, [2024-01-04T21:27:36.126231 #66330]  INFO -- : (0.000049s) SELECT max(`id`) AS 'max' FROM `expenses` LIMIT 1
I, [2024-01-04T21:27:36.127881 #66330]  INFO -- : (0.000413s) SELECT * FROM `expenses` WHERE (`date` = '2017-06-10')
I, [2024-01-04T21:27:36.131775 #66330]  INFO -- : (0.000277s) ROLLBACK
I, [2024-01-04T21:27:36.154728 #66330]  INFO -- : (0.000028s) BEGIN
I, [2024-01-04T21:27:36.159457 #66330]  INFO -- : (0.000106s) SELECT count(*) AS 'count' FROM `expenses` LIMIT 1
I, [2024-01-04T21:27:36.159599 #66330]  INFO -- : (0.000024s) ROLLBACK
I, [2024-01-04T21:27:36.159908 #66330]  INFO -- : (0.000021s) BEGIN
I, [2024-01-04T21:27:36.160986 #66330]  INFO -- : (0.000903s) INSERT INTO `expenses` (`payee`, `amount`, `date`) VALUES ('Starbucks', 5.75, '2017-06-10')
I, [2024-01-04T21:27:36.161303 #66330]  INFO -- : (0.000070s) SELECT max(`id`) AS 'max' FROM `expenses` LIMIT 1
I, [2024-01-04T21:27:36.161563 #66330]  INFO -- : (0.000075s) SELECT * FROM `expenses`
I, [2024-01-04T21:27:36.163834 #66330]  INFO -- : (0.000253s) ROLLBACK
I, [2024-01-04T21:27:36.164195 #66330]  INFO -- : (0.000018s) BEGIN
I, [2024-01-04T21:27:36.164656 #66330]  INFO -- : (0.000111s) SELECT count(*) AS 'count' FROM `expenses` LIMIT 1
I, [2024-01-04T21:27:36.164792 #66330]  INFO -- : (0.000027s) ROLLBACK
I, [2024-01-04T21:27:36.165075 #66330]  INFO -- : (0.000015s) BEGIN
I, [2024-01-04T21:27:36.165452 #66330]  INFO -- : (0.000092s) SELECT count(*) AS 'count' FROM `expenses` LIMIT 1
I, [2024-01-04T21:27:36.165585 #66330]  INFO -- : (0.000027s) ROLLBACK
I, [2024-01-04T21:27:36.165878 #66330]  INFO -- : (0.000016s) BEGIN
I, [2024-01-04T21:27:36.166351 #66330]  INFO -- : (0.000273s) INSERT INTO `expenses` (`payee`, `amount`, `date`) VALUES ('Starbucks', 5.75, '2017-06-10')
I, [2024-01-04T21:27:36.166546 #66330]  INFO -- : (0.000058s) SELECT max(`id`) AS 'max' FROM `expenses` LIMIT 1
I, [2024-01-04T21:27:36.166700 #66330]  INFO -- : (0.000026s) INSERT INTO `expenses` (`payee`, `amount`, `date`) VALUES ('Starbucks', 5.75, '2017-06-10')
I, [2024-01-04T21:27:36.166823 #66330]  INFO -- : (0.000036s) SELECT max(`id`) AS 'max' FROM `expenses` LIMIT 1
I, [2024-01-04T21:27:36.166918 #66330]  INFO -- : (0.000021s) INSERT INTO `expenses` (`payee`, `amount`, `date`) VALUES ('Starbucks', 5.75, '2017-06-11')
I, [2024-01-04T21:27:36.167028 #66330]  INFO -- : (0.000032s) SELECT max(`id`) AS 'max' FROM `expenses` LIMIT 1
I, [2024-01-04T21:27:36.167197 #66330]  INFO -- : (0.000084s) SELECT * FROM `expenses` WHERE (`date` = '2017-06-10')
I, [2024-01-04T21:27:36.167618 #66330]  INFO -- : (0.000248s) ROLLBACK
I, [2024-01-04T21:27:36.167830 #66330]  INFO -- : (0.000013s) BEGIN
I, [2024-01-04T21:27:36.168039 #66330]  INFO -- : (0.000094s) SELECT * FROM `expenses` WHERE (`date` = '2017-06-10')
I, [2024-01-04T21:27:36.168137 #66330]  INFO -- : (0.000019s) ROLLBACK
I, [2024-01-04T21:33:49.535914 #66496]  INFO -- : (0.000033s) BEGIN
I, [2024-01-04T21:33:49.549086 #66496]  INFO -- : (0.000109s) SELECT count(*) AS 'count' FROM `expenses` LIMIT 1
I, [2024-01-04T21:33:49.549239 #66496]  INFO -- : (0.000023s) ROLLBACK
I, [2024-01-04T21:33:49.549865 #66496]  INFO -- : (0.000020s) BEGIN
I, [2024-01-04T21:33:49.550483 #66496]  INFO -- : (0.000322s) INSERT INTO `expenses` (`payee`, `amount`, `date`) VALUES ('Starbucks', 5.75, '2017-06-10')
I, [2024-01-04T21:33:49.550720 #66496]  INFO -- : (0.000065s) SELECT max(`id`) AS 'max' FROM `expenses` LIMIT 1
I, [2024-01-04T21:33:49.551743 #66496]  INFO -- : (0.000298s) SELECT * FROM `expenses`
I, [2024-01-04T21:33:49.554756 #66496]  INFO -- : (0.000280s) ROLLBACK
I, [2024-01-04T21:33:49.555277 #66496]  INFO -- : (0.000034s) BEGIN
I, [2024-01-04T21:33:49.556225 #66496]  INFO -- : (0.000163s) SELECT count(*) AS 'count' FROM `expenses` LIMIT 1
I, [2024-01-04T21:33:49.556379 #66496]  INFO -- : (0.000028s) ROLLBACK
I, [2024-01-04T21:33:49.559551 #66496]  INFO -- : (0.000231s) BEGIN
I, [2024-01-04T21:33:49.561460 #66496]  INFO -- : (0.000107s) SELECT count(*) AS 'count' FROM `expenses` LIMIT 1
I, [2024-01-04T21:33:49.561587 #66496]  INFO -- : (0.000025s) ROLLBACK
I, [2024-01-04T21:33:49.562896 #66496]  INFO -- : (0.000891s) BEGIN
I, [2024-01-04T21:33:49.563268 #66496]  INFO -- : (0.000138s) SELECT * FROM `expenses` WHERE (`date` = '2017-06-10')
I, [2024-01-04T21:33:49.563404 #66496]  INFO -- : (0.000026s) ROLLBACK
I, [2024-01-04T21:33:49.563626 #66496]  INFO -- : (0.000017s) BEGIN
I, [2024-01-04T21:33:49.564121 #66496]  INFO -- : (0.000281s) INSERT INTO `expenses` (`payee`, `amount`, `date`) VALUES ('Starbucks', 5.75, '2017-06-10')
I, [2024-01-04T21:33:49.564322 #66496]  INFO -- : (0.000062s) SELECT max(`id`) AS 'max' FROM `expenses` LIMIT 1
I, [2024-01-04T21:33:49.565207 #66496]  INFO -- : (0.000033s) INSERT INTO `expenses` (`payee`, `amount`, `date`) VALUES ('Starbucks', 5.75, '2017-06-10')
I, [2024-01-04T21:33:49.565342 #66496]  INFO -- : (0.000041s) SELECT max(`id`) AS 'max' FROM `expenses` LIMIT 1
I, [2024-01-04T21:33:49.565439 #66496]  INFO -- : (0.000026s) INSERT INTO `expenses` (`payee`, `amount`, `date`) VALUES ('Starbucks', 5.75, '2017-06-11')
I, [2024-01-04T21:33:49.565556 #66496]  INFO -- : (0.000040s) SELECT max(`id`) AS 'max' FROM `expenses` LIMIT 1
I, [2024-01-04T21:33:49.565713 #66496]  INFO -- : (0.000082s) SELECT * FROM `expenses` WHERE (`date` = '2017-06-10')
I, [2024-01-04T21:33:49.573398 #66496]  INFO -- : (0.000296s) ROLLBACK
I, [2024-01-04T21:33:49.573726 #66496]  INFO -- : (0.000017s) BEGIN
I, [2024-01-04T21:33:49.604200 #66496]  INFO -- : (0.000313s) INSERT INTO `expenses` (`payee`, `amount`, `date`) VALUES ('Starbucks', 5.75, '2017-06-10')
I, [2024-01-04T21:33:49.604418 #66496]  INFO -- : (0.000070s) SELECT max(`id`) AS 'max' FROM `expenses` LIMIT 1
I, [2024-01-04T21:33:49.609638 #66496]  INFO -- : (0.000049s) INSERT INTO `expenses` (`payee`, `amount`, `date`) VALUES ('Zoo', 15.25, '2017-06-10')
I, [2024-01-04T21:33:49.609826 #66496]  INFO -- : (0.000057s) SELECT max(`id`) AS 'max' FROM `expenses` LIMIT 1
I, [2024-01-04T21:33:49.610300 #66496]  INFO -- : (0.000037s) INSERT INTO `expenses` (`payee`, `amount`, `date`) VALUES ('Whole Foods', 95.2, '2017-06-11')
I, [2024-01-04T21:33:49.610459 #66496]  INFO -- : (0.000063s) SELECT max(`id`) AS 'max' FROM `expenses` LIMIT 1
I, [2024-01-04T21:33:49.611542 #66496]  INFO -- : (0.000119s) SELECT * FROM `expenses` WHERE (`date` = '2017-06-10')
I, [2024-01-04T21:33:49.612136 #66496]  INFO -- : (0.000258s) ROLLBACK
I, [2024-01-04T21:34:38.982571 #66541]  INFO -- : (0.000041s) BEGIN
I, [2024-01-04T21:34:39.026549 #66541]  INFO -- : (0.000433s) INSERT INTO `expenses` (`payee`, `amount`, `date`) VALUES ('Starbucks', 5.75, '2017-06-10')
I, [2024-01-04T21:34:39.027834 #66541]  INFO -- : (0.000075s) SELECT max(`id`) AS 'max' FROM `expenses` LIMIT 1
I, [2024-01-04T21:34:39.042461 #66541]  INFO -- : (0.000051s) INSERT INTO `expenses` (`payee`, `amount`, `date`) VALUES ('Zoo', 15.25, '2017-06-10')
I, [2024-01-04T21:34:39.042679 #66541]  INFO -- : (0.000064s) SELECT max(`id`) AS 'max' FROM `expenses` LIMIT 1
I, [2024-01-04T21:34:39.043180 #66541]  INFO -- : (0.000029s) INSERT INTO `expenses` (`payee`, `amount`, `date`) VALUES ('Whole Foods', 95.2, '2017-06-11')
I, [2024-01-04T21:34:39.043323 #66541]  INFO -- : (0.000041s) SELECT max(`id`) AS 'max' FROM `expenses` LIMIT 1
I, [2024-01-04T21:34:39.044674 #66541]  INFO -- : (0.000338s) SELECT * FROM `expenses` WHERE (`date` = '2017-06-10')
I, [2024-01-04T21:34:39.047780 #66541]  INFO -- : (0.000242s) ROLLBACK
I, [2024-01-04T21:34:39.075661 #66541]  INFO -- : (0.000034s) BEGIN
I, [2024-01-04T21:34:39.081298 #66541]  INFO -- : (0.000153s) SELECT count(*) AS 'count' FROM `expenses` LIMIT 1
I, [2024-01-04T21:34:39.081481 #66541]  INFO -- : (0.000031s) ROLLBACK
I, [2024-01-04T21:34:39.081943 #66541]  INFO -- : (0.000028s) BEGIN
I, [2024-01-04T21:34:39.082326 #66541]  INFO -- : (0.000090s) SELECT count(*) AS 'count' FROM `expenses` LIMIT 1
I, [2024-01-04T21:34:39.082443 #66541]  INFO -- : (0.000021s) ROLLBACK
I, [2024-01-04T21:34:39.082755 #66541]  INFO -- : (0.000015s) BEGIN
I, [2024-01-04T21:34:39.083460 #66541]  INFO -- : (0.000484s) SELECT count(*) AS 'count' FROM `expenses` LIMIT 1
I, [2024-01-04T21:34:39.083686 #66541]  INFO -- : (0.000081s) ROLLBACK
I, [2024-01-04T21:34:39.084109 #66541]  INFO -- : (0.000023s) BEGIN
I, [2024-01-04T21:34:39.084713 #66541]  INFO -- : (0.000388s) INSERT INTO `expenses` (`payee`, `amount`, `date`) VALUES ('Starbucks', 5.75, '2017-06-10')
I, [2024-01-04T21:34:39.084961 #66541]  INFO -- : (0.000076s) SELECT max(`id`) AS 'max' FROM `expenses` LIMIT 1
I, [2024-01-04T21:34:39.085227 #66541]  INFO -- : (0.000137s) SELECT * FROM `expenses`
I, [2024-01-04T21:34:39.089132 #66541]  INFO -- : (0.000511s) ROLLBACK
I, [2024-01-04T21:34:39.089623 #66541]  INFO -- : (0.000029s) BEGIN
I, [2024-01-04T21:34:39.090194 #66541]  INFO -- : (0.000376s) INSERT INTO `expenses` (`payee`, `amount`, `date`) VALUES ('Starbucks', 5.75, '2017-06-10')
I, [2024-01-04T21:34:39.090431 #66541]  INFO -- : (0.000076s) SELECT max(`id`) AS 'max' FROM `expenses` LIMIT 1
I, [2024-01-04T21:34:39.090581 #66541]  INFO -- : (0.000034s) INSERT INTO `expenses` (`payee`, `amount`, `date`) VALUES ('Starbucks', 5.75, '2017-06-10')
I, [2024-01-04T21:34:39.090812 #66541]  INFO -- : (0.000113s) SELECT max(`id`) AS 'max' FROM `expenses` LIMIT 1
I, [2024-01-04T21:34:39.090944 #66541]  INFO -- : (0.000031s) INSERT INTO `expenses` (`payee`, `amount`, `date`) VALUES ('Starbucks', 5.75, '2017-06-11')
I, [2024-01-04T21:34:39.091100 #66541]  INFO -- : (0.000047s) SELECT max(`id`) AS 'max' FROM `expenses` LIMIT 1
I, [2024-01-04T21:34:39.091314 #66541]  INFO -- : (0.000109s) SELECT * FROM `expenses` WHERE (`date` = '2017-06-10')
I, [2024-01-04T21:34:39.091837 #66541]  INFO -- : (0.000325s) ROLLBACK
I, [2024-01-04T21:34:39.092140 #66541]  INFO -- : (0.000022s) BEGIN
I, [2024-01-04T21:34:39.092459 #66541]  INFO -- : (0.000175s) SELECT * FROM `expenses` WHERE (`date` = '2017-06-10')
I, [2024-01-04T21:34:39.092635 #66541]  INFO -- : (0.000027s) ROLLBACK
